{
  "stats": {
    "suites": 2,
    "tests": 8,
    "passes": 8,
    "pending": 0,
    "failures": 0,
    "testsRegistered": 8,
    "passPercent": 100,
    "pendingPercent": 0,
    "other": 0,
    "hasOther": false,
    "skipped": 0,
    "hasSkipped": false,
    "start": "2026-02-24T11:34:18.907Z",
    "end": "2026-02-24T11:34:31.424Z",
    "duration": 12517
  },
  "results": [
    {
      "uuid": "e2654b25-3bcb-4fd8-86be-130743fabd11",
      "title": "",
      "fullFile": "cypress\\e2e\\search.cy.ts",
      "file": "cypress\\e2e\\search.cy.ts",
      "beforeHooks": [],
      "afterHooks": [],
      "tests": [],
      "suites": [
        {
          "uuid": "2e50cf3a-ae16-49f4-a992-d14dc73d30e7",
          "title": "Location Search - Requirement Validation",
          "fullFile": "",
          "file": "",
          "beforeHooks": [],
          "afterHooks": [],
          "tests": [
            {
              "title": "should search, select and verify displayed location Paris",
              "fullTitle": "Location Search - Requirement Validation should search, select and verify displayed location Paris",
              "timedOut": null,
              "duration": 2822,
              "state": "passed",
              "speed": "fast",
              "pass": true,
              "fail": false,
              "pending": false,
              "context": null,
              "code": "testFn(key, value);",
              "err": {},
              "uuid": "9cd5c60f-70dc-41c3-9632-d8f19127eade",
              "parentUUID": "2e50cf3a-ae16-49f4-a992-d14dc73d30e7",
              "isHook": false,
              "skipped": false
            },
            {
              "title": "should search, select and verify displayed location Berlin",
              "fullTitle": "Location Search - Requirement Validation should search, select and verify displayed location Berlin",
              "timedOut": null,
              "duration": 1294,
              "state": "passed",
              "speed": "fast",
              "pass": true,
              "fail": false,
              "pending": false,
              "context": null,
              "code": "testFn(key, value);",
              "err": {},
              "uuid": "5c0f0257-d4d8-4ae8-a8ab-7f79c3f64a31",
              "parentUUID": "2e50cf3a-ae16-49f4-a992-d14dc73d30e7",
              "isHook": false,
              "skipped": false
            },
            {
              "title": "should handle invalid city search in English",
              "fullTitle": "Location Search - Requirement Validation should handle invalid city search in English",
              "timedOut": null,
              "duration": 2012,
              "state": "passed",
              "speed": "fast",
              "pass": true,
              "fail": false,
              "pending": false,
              "context": null,
              "code": "testFn(key, value);",
              "err": {},
              "uuid": "5d224a93-ee5f-413e-aaa7-af097d221ef6",
              "parentUUID": "2e50cf3a-ae16-49f4-a992-d14dc73d30e7",
              "isHook": false,
              "skipped": false
            }
          ],
          "suites": [],
          "passes": [
            "9cd5c60f-70dc-41c3-9632-d8f19127eade",
            "5c0f0257-d4d8-4ae8-a8ab-7f79c3f64a31",
            "5d224a93-ee5f-413e-aaa7-af097d221ef6"
          ],
          "failures": [],
          "pending": [],
          "skipped": [],
          "duration": 6128,
          "root": false,
          "rootEmpty": false,
          "_timeout": 2000
        }
      ],
      "passes": [],
      "failures": [],
      "pending": [],
      "skipped": [],
      "duration": 0,
      "root": true,
      "rootEmpty": true,
      "_timeout": 2000
    },
    {
      "uuid": "b8fc92d3-cf0e-4c9d-8108-e3af57538235",
      "title": "",
      "fullFile": "cypress\\e2e\\language.cy.ts",
      "file": "cypress\\e2e\\language.cy.ts",
      "beforeHooks": [],
      "afterHooks": [],
      "tests": [],
      "suites": [
        {
          "uuid": "4a6c40f8-bd41-4e29-96cb-fdcdff711d92",
          "title": "Language Selection - E2E + API validation",
          "fullFile": "",
          "file": "",
          "beforeHooks": [],
          "afterHooks": [],
          "tests": [
            {
              "title": "should change language to English",
              "fullTitle": "Language Selection - E2E + API validation should change language to English",
              "timedOut": null,
              "duration": 2555,
              "state": "passed",
              "speed": "fast",
              "pass": true,
              "fail": false,
              "pending": false,
              "context": null,
              "code": "testFn(key, value);",
              "err": {},
              "uuid": "1d4f0559-5cdc-49c2-bb83-eb134b7a6861",
              "parentUUID": "4a6c40f8-bd41-4e29-96cb-fdcdff711d92",
              "isHook": false,
              "skipped": false
            },
            {
              "title": "should change language to Deutsch",
              "fullTitle": "Language Selection - E2E + API validation should change language to Deutsch",
              "timedOut": null,
              "duration": 828,
              "state": "passed",
              "speed": "fast",
              "pass": true,
              "fail": false,
              "pending": false,
              "context": null,
              "code": "testFn(key, value);",
              "err": {},
              "uuid": "922ca860-cd35-42fa-b432-78a3318dcd75",
              "parentUUID": "4a6c40f8-bd41-4e29-96cb-fdcdff711d92",
              "isHook": false,
              "skipped": false
            },
            {
              "title": "should change language to Español",
              "fullTitle": "Language Selection - E2E + API validation should change language to Español",
              "timedOut": null,
              "duration": 714,
              "state": "passed",
              "speed": "fast",
              "pass": true,
              "fail": false,
              "pending": false,
              "context": null,
              "code": "testFn(key, value);",
              "err": {},
              "uuid": "92d6d588-4fbd-4684-934f-9ebab27e0233",
              "parentUUID": "4a6c40f8-bd41-4e29-96cb-fdcdff711d92",
              "isHook": false,
              "skipped": false
            },
            {
              "title": "should change language to Nederlands",
              "fullTitle": "Language Selection - E2E + API validation should change language to Nederlands",
              "timedOut": null,
              "duration": 669,
              "state": "passed",
              "speed": "fast",
              "pass": true,
              "fail": false,
              "pending": false,
              "context": null,
              "code": "testFn(key, value);",
              "err": {},
              "uuid": "5150b4c6-f575-4e47-aecf-ec9be719dce3",
              "parentUUID": "4a6c40f8-bd41-4e29-96cb-fdcdff711d92",
              "isHook": false,
              "skipped": false
            },
            {
              "title": "should change language to Français",
              "fullTitle": "Language Selection - E2E + API validation should change language to Français",
              "timedOut": null,
              "duration": 692,
              "state": "passed",
              "speed": "fast",
              "pass": true,
              "fail": false,
              "pending": false,
              "context": null,
              "code": "testFn(key, value);",
              "err": {},
              "uuid": "b035d319-62aa-43d9-b64c-b64ffb29891d",
              "parentUUID": "4a6c40f8-bd41-4e29-96cb-fdcdff711d92",
              "isHook": false,
              "skipped": false
            }
          ],
          "suites": [],
          "passes": [
            "1d4f0559-5cdc-49c2-bb83-eb134b7a6861",
            "922ca860-cd35-42fa-b432-78a3318dcd75",
            "92d6d588-4fbd-4684-934f-9ebab27e0233",
            "5150b4c6-f575-4e47-aecf-ec9be719dce3",
            "b035d319-62aa-43d9-b64c-b64ffb29891d"
          ],
          "failures": [],
          "pending": [],
          "skipped": [],
          "duration": 5458,
          "root": false,
          "rootEmpty": false,
          "_timeout": 2000
        }
      ],
      "passes": [],
      "failures": [],
      "pending": [],
      "skipped": [],
      "duration": 0,
      "root": true,
      "rootEmpty": true,
      "_timeout": 2000
    }
  ],
  "meta": {
    "mocha": {
      "version": "7.2.0"
    },
    "mochawesome": {
      "options": {
        "quiet": false,
        "reportFilename": "mochawesome",
        "saveHtml": false,
        "saveJson": true,
        "consoleReporter": "spec",
        "useInlineDiffs": false,
        "code": true
      },
      "version": "7.1.4"
    },
    "marge": {
      "options": {
        "reportDir": "cypress/reports/json",
        "overwrite": false,
        "html": false,
        "json": true,
        "charts": true,
        "embeddedScreenshots": true,
        "saveAllAttempts": true,
        "screenshotOnRunFailure": true,
        "testIsolation": true
      },
      "version": "6.3.2"
    }
  }
}