{
  "stats": {
    "suites": 4,
    "tests": 16,
    "passes": 16,
    "pending": 0,
    "failures": 0,
    "testsRegistered": 16,
    "passPercent": 100,
    "pendingPercent": 0,
    "other": 0,
    "hasOther": false,
    "skipped": 0,
    "hasSkipped": false,
    "start": "2026-02-24T12:26:28.062Z",
    "end": "2026-02-25T09:11:00.784Z",
    "duration": 74672722
  },
  "results": [
    {
      "uuid": "457b5f35-0519-417c-9db5-4995ba1e6acf",
      "title": "",
      "fullFile": "cypress\\e2e\\search.cy.ts",
      "file": "cypress\\e2e\\search.cy.ts",
      "beforeHooks": [],
      "afterHooks": [],
      "tests": [],
      "suites": [
        {
          "uuid": "98f22a5a-a965-4f55-9c94-f3204a6d94ac",
          "title": "Location Search - Requirement Validation",
          "fullFile": "",
          "file": "",
          "beforeHooks": [],
          "afterHooks": [],
          "tests": [
            {
              "title": "should search, select and verify displayed location Paris",
              "fullTitle": "Location Search - Requirement Validation should search, select and verify displayed location Paris",
              "timedOut": null,
              "duration": 2834,
              "state": "passed",
              "speed": "fast",
              "pass": true,
              "fail": false,
              "pending": false,
              "context": null,
              "code": "testFn(key, value);",
              "err": {},
              "uuid": "4fb9cfcc-aa35-4655-b4d1-b3c4ae7dd066",
              "parentUUID": "98f22a5a-a965-4f55-9c94-f3204a6d94ac",
              "isHook": false,
              "skipped": false
            },
            {
              "title": "should search, select and verify displayed location Berlin",
              "fullTitle": "Location Search - Requirement Validation should search, select and verify displayed location Berlin",
              "timedOut": null,
              "duration": 1341,
              "state": "passed",
              "speed": "fast",
              "pass": true,
              "fail": false,
              "pending": false,
              "context": null,
              "code": "testFn(key, value);",
              "err": {},
              "uuid": "06c9ac51-6570-46df-b904-f4b6039b71f4",
              "parentUUID": "98f22a5a-a965-4f55-9c94-f3204a6d94ac",
              "isHook": false,
              "skipped": false
            },
            {
              "title": "should handle invalid city search in English",
              "fullTitle": "Location Search - Requirement Validation should handle invalid city search in English",
              "timedOut": null,
              "duration": 1735,
              "state": "passed",
              "speed": "fast",
              "pass": true,
              "fail": false,
              "pending": false,
              "context": null,
              "code": "testFn(key, value);",
              "err": {},
              "uuid": "7b4d8f56-321a-4a0f-a3ad-815bdea74f77",
              "parentUUID": "98f22a5a-a965-4f55-9c94-f3204a6d94ac",
              "isHook": false,
              "skipped": false
            }
          ],
          "suites": [],
          "passes": [
            "4fb9cfcc-aa35-4655-b4d1-b3c4ae7dd066",
            "06c9ac51-6570-46df-b904-f4b6039b71f4",
            "7b4d8f56-321a-4a0f-a3ad-815bdea74f77"
          ],
          "failures": [],
          "pending": [],
          "skipped": [],
          "duration": 5910,
          "root": false,
          "rootEmpty": false,
          "_timeout": 2000
        }
      ],
      "passes": [],
      "failures": [],
      "pending": [],
      "skipped": [],
      "duration": 0,
      "root": true,
      "rootEmpty": true,
      "_timeout": 2000
    },
    {
      "uuid": "894de3cd-c57c-4e2d-90dc-d9c79539551f",
      "title": "",
      "fullFile": "cypress\\e2e\\language.cy.ts",
      "file": "cypress\\e2e\\language.cy.ts",
      "beforeHooks": [],
      "afterHooks": [],
      "tests": [],
      "suites": [
        {
          "uuid": "9fa77a57-1fdf-4f75-8ef7-98120433051a",
          "title": "Language Selection - E2E + API validation",
          "fullFile": "",
          "file": "",
          "beforeHooks": [],
          "afterHooks": [],
          "tests": [
            {
              "title": "should change language to English",
              "fullTitle": "Language Selection - E2E + API validation should change language to English",
              "timedOut": null,
              "duration": 2408,
              "state": "passed",
              "speed": "fast",
              "pass": true,
              "fail": false,
              "pending": false,
              "context": null,
              "code": "testFn(key, value);",
              "err": {},
              "uuid": "3543e69a-ee34-44c5-93b6-6df451634aaa",
              "parentUUID": "9fa77a57-1fdf-4f75-8ef7-98120433051a",
              "isHook": false,
              "skipped": false
            },
            {
              "title": "should change language to Deutsch",
              "fullTitle": "Language Selection - E2E + API validation should change language to Deutsch",
              "timedOut": null,
              "duration": 872,
              "state": "passed",
              "speed": "fast",
              "pass": true,
              "fail": false,
              "pending": false,
              "context": null,
              "code": "testFn(key, value);",
              "err": {},
              "uuid": "05ab00e9-e7b6-46ee-a9c1-a31debe8d6d3",
              "parentUUID": "9fa77a57-1fdf-4f75-8ef7-98120433051a",
              "isHook": false,
              "skipped": false
            },
            {
              "title": "should change language to Español",
              "fullTitle": "Language Selection - E2E + API validation should change language to Español",
              "timedOut": null,
              "duration": 717,
              "state": "passed",
              "speed": "fast",
              "pass": true,
              "fail": false,
              "pending": false,
              "context": null,
              "code": "testFn(key, value);",
              "err": {},
              "uuid": "269e1fa1-adf4-4f38-9db4-52f6e41314ad",
              "parentUUID": "9fa77a57-1fdf-4f75-8ef7-98120433051a",
              "isHook": false,
              "skipped": false
            },
            {
              "title": "should change language to Nederlands",
              "fullTitle": "Language Selection - E2E + API validation should change language to Nederlands",
              "timedOut": null,
              "duration": 739,
              "state": "passed",
              "speed": "fast",
              "pass": true,
              "fail": false,
              "pending": false,
              "context": null,
              "code": "testFn(key, value);",
              "err": {},
              "uuid": "01c78f0d-5c73-481e-9abe-af0032da8151",
              "parentUUID": "9fa77a57-1fdf-4f75-8ef7-98120433051a",
              "isHook": false,
              "skipped": false
            },
            {
              "title": "should change language to Français",
              "fullTitle": "Language Selection - E2E + API validation should change language to Français",
              "timedOut": null,
              "duration": 711,
              "state": "passed",
              "speed": "fast",
              "pass": true,
              "fail": false,
              "pending": false,
              "context": null,
              "code": "testFn(key, value);",
              "err": {},
              "uuid": "93fa4533-459f-4591-8b3d-e48a3289e9e4",
              "parentUUID": "9fa77a57-1fdf-4f75-8ef7-98120433051a",
              "isHook": false,
              "skipped": false
            }
          ],
          "suites": [],
          "passes": [
            "3543e69a-ee34-44c5-93b6-6df451634aaa",
            "05ab00e9-e7b6-46ee-a9c1-a31debe8d6d3",
            "269e1fa1-adf4-4f38-9db4-52f6e41314ad",
            "01c78f0d-5c73-481e-9abe-af0032da8151",
            "93fa4533-459f-4591-8b3d-e48a3289e9e4"
          ],
          "failures": [],
          "pending": [],
          "skipped": [],
          "duration": 5447,
          "root": false,
          "rootEmpty": false,
          "_timeout": 2000
        }
      ],
      "passes": [],
      "failures": [],
      "pending": [],
      "skipped": [],
      "duration": 0,
      "root": true,
      "rootEmpty": true,
      "_timeout": 2000
    },
    {
      "uuid": "3f30e6dc-e194-46c9-b378-757c35df35f8",
      "title": "",
      "fullFile": "cypress\\e2e\\search.cy.ts",
      "file": "cypress\\e2e\\search.cy.ts",
      "beforeHooks": [],
      "afterHooks": [],
      "tests": [],
      "suites": [
        {
          "uuid": "69dbc311-ba71-4aa9-8873-003708a2a3f4",
          "title": "Location Search - Requirement Validation",
          "fullFile": "",
          "file": "",
          "beforeHooks": [],
          "afterHooks": [],
          "tests": [
            {
              "title": "should search, select and verify displayed location Paris",
              "fullTitle": "Location Search - Requirement Validation should search, select and verify displayed location Paris",
              "timedOut": null,
              "duration": 2962,
              "state": "passed",
              "speed": "fast",
              "pass": true,
              "fail": false,
              "pending": false,
              "context": null,
              "code": "testFn(key, value);",
              "err": {},
              "uuid": "8c119711-5cfe-457d-8ddd-7c2f72ace81b",
              "parentUUID": "69dbc311-ba71-4aa9-8873-003708a2a3f4",
              "isHook": false,
              "skipped": false
            },
            {
              "title": "should search, select and verify displayed location Berlin",
              "fullTitle": "Location Search - Requirement Validation should search, select and verify displayed location Berlin",
              "timedOut": null,
              "duration": 1973,
              "state": "passed",
              "speed": "fast",
              "pass": true,
              "fail": false,
              "pending": false,
              "context": null,
              "code": "testFn(key, value);",
              "err": {},
              "uuid": "6d5d268c-2816-4c31-878c-ce2caea259ad",
              "parentUUID": "69dbc311-ba71-4aa9-8873-003708a2a3f4",
              "isHook": false,
              "skipped": false
            },
            {
              "title": "should handle invalid city search in English",
              "fullTitle": "Location Search - Requirement Validation should handle invalid city search in English",
              "timedOut": null,
              "duration": 1788,
              "state": "passed",
              "speed": "fast",
              "pass": true,
              "fail": false,
              "pending": false,
              "context": null,
              "code": "testFn(key, value);",
              "err": {},
              "uuid": "1f6c775c-2210-4447-b231-c69cc8b6eb1c",
              "parentUUID": "69dbc311-ba71-4aa9-8873-003708a2a3f4",
              "isHook": false,
              "skipped": false
            }
          ],
          "suites": [],
          "passes": [
            "8c119711-5cfe-457d-8ddd-7c2f72ace81b",
            "6d5d268c-2816-4c31-878c-ce2caea259ad",
            "1f6c775c-2210-4447-b231-c69cc8b6eb1c"
          ],
          "failures": [],
          "pending": [],
          "skipped": [],
          "duration": 6723,
          "root": false,
          "rootEmpty": false,
          "_timeout": 2000
        }
      ],
      "passes": [],
      "failures": [],
      "pending": [],
      "skipped": [],
      "duration": 0,
      "root": true,
      "rootEmpty": true,
      "_timeout": 2000
    },
    {
      "uuid": "7f3afb53-af0a-40c7-a86b-e5a3a595ad43",
      "title": "",
      "fullFile": "cypress\\e2e\\language.cy.ts",
      "file": "cypress\\e2e\\language.cy.ts",
      "beforeHooks": [],
      "afterHooks": [],
      "tests": [],
      "suites": [
        {
          "uuid": "4a5c62f9-bc16-4346-883a-f0d2f7d1f91c",
          "title": "Language Selection - E2E + API validation",
          "fullFile": "",
          "file": "",
          "beforeHooks": [],
          "afterHooks": [],
          "tests": [
            {
              "title": "should change language to English",
              "fullTitle": "Language Selection - E2E + API validation should change language to English",
              "timedOut": null,
              "duration": 2677,
              "state": "passed",
              "speed": "fast",
              "pass": true,
              "fail": false,
              "pending": false,
              "context": null,
              "code": "testFn(key, value);",
              "err": {},
              "uuid": "1c8d2637-b092-4fa3-8fc4-de49a097c631",
              "parentUUID": "4a5c62f9-bc16-4346-883a-f0d2f7d1f91c",
              "isHook": false,
              "skipped": false
            },
            {
              "title": "should change language to Deutsch",
              "fullTitle": "Language Selection - E2E + API validation should change language to Deutsch",
              "timedOut": null,
              "duration": 836,
              "state": "passed",
              "speed": "fast",
              "pass": true,
              "fail": false,
              "pending": false,
              "context": null,
              "code": "testFn(key, value);",
              "err": {},
              "uuid": "f17a3fb7-4205-413a-8434-618d6625e514",
              "parentUUID": "4a5c62f9-bc16-4346-883a-f0d2f7d1f91c",
              "isHook": false,
              "skipped": false
            },
            {
              "title": "should change language to Español",
              "fullTitle": "Language Selection - E2E + API validation should change language to Español",
              "timedOut": null,
              "duration": 718,
              "state": "passed",
              "speed": "fast",
              "pass": true,
              "fail": false,
              "pending": false,
              "context": null,
              "code": "testFn(key, value);",
              "err": {},
              "uuid": "492581e0-a3b5-49ad-9eb3-66715f4df7d7",
              "parentUUID": "4a5c62f9-bc16-4346-883a-f0d2f7d1f91c",
              "isHook": false,
              "skipped": false
            },
            {
              "title": "should change language to Nederlands",
              "fullTitle": "Language Selection - E2E + API validation should change language to Nederlands",
              "timedOut": null,
              "duration": 722,
              "state": "passed",
              "speed": "fast",
              "pass": true,
              "fail": false,
              "pending": false,
              "context": null,
              "code": "testFn(key, value);",
              "err": {},
              "uuid": "b0ad6517-bdfa-4ca8-9732-942034a122e1",
              "parentUUID": "4a5c62f9-bc16-4346-883a-f0d2f7d1f91c",
              "isHook": false,
              "skipped": false
            },
            {
              "title": "should change language to Français",
              "fullTitle": "Language Selection - E2E + API validation should change language to Français",
              "timedOut": null,
              "duration": 674,
              "state": "passed",
              "speed": "fast",
              "pass": true,
              "fail": false,
              "pending": false,
              "context": null,
              "code": "testFn(key, value);",
              "err": {},
              "uuid": "3ea2e989-2e85-4760-b015-e4f2aefb60f8",
              "parentUUID": "4a5c62f9-bc16-4346-883a-f0d2f7d1f91c",
              "isHook": false,
              "skipped": false
            }
          ],
          "suites": [],
          "passes": [
            "1c8d2637-b092-4fa3-8fc4-de49a097c631",
            "f17a3fb7-4205-413a-8434-618d6625e514",
            "492581e0-a3b5-49ad-9eb3-66715f4df7d7",
            "b0ad6517-bdfa-4ca8-9732-942034a122e1",
            "3ea2e989-2e85-4760-b015-e4f2aefb60f8"
          ],
          "failures": [],
          "pending": [],
          "skipped": [],
          "duration": 5627,
          "root": false,
          "rootEmpty": false,
          "_timeout": 2000
        }
      ],
      "passes": [],
      "failures": [],
      "pending": [],
      "skipped": [],
      "duration": 0,
      "root": true,
      "rootEmpty": true,
      "_timeout": 2000
    }
  ],
  "meta": {
    "mocha": {
      "version": "7.2.0"
    },
    "mochawesome": {
      "options": {
        "quiet": false,
        "reportFilename": "mochawesome",
        "saveHtml": false,
        "saveJson": true,
        "consoleReporter": "spec",
        "useInlineDiffs": false,
        "code": true
      },
      "version": "7.1.4"
    },
    "marge": {
      "options": {
        "reportDir": "cypress/reports/json",
        "overwrite": false,
        "html": false,
        "json": true,
        "charts": true,
        "embeddedScreenshots": true,
        "saveAllAttempts": true,
        "screenshotOnRunFailure": true
      },
      "version": "6.3.2"
    }
  }
}